13:49:02 **** Incremental Build of configuration Debug for project Fan_Controller ****
make all 
Building file: ../fan_controller.c
Invoking: AVR Compiler
avr-gcc -Wall -g2 -gdwarf-2 -O0 -fpack-struct -fshort-enums -ffunction-sections -fdata-sections -std=gnu99 -funsigned-char -funsigned-bitfields -mmcu=atmega32 -DF_CPU=1000000UL -MMD -MP -MF"fan_controller.d" -MT"fan_controller.o" -c -o "fan_controller.o" "../fan_controller.c"
Finished building: ../fan_controller.c
 
Building target: Fan_Controller.elf
Invoking: AVR C Linker
avr-gcc -Wl,-Map,Fan_Controller.map -mmcu=atmega32 -o "Fan_Controller.elf"  ./DcMotor.o ./adc.o ./fan_controller.o ./gpio.o ./lcd.o ./lm35_sensor.o ./pwm.o   
Finished building target: Fan_Controller.elf
 
Invoking: AVR Create Extended Listing
avr-objdump -h -S Fan_Controller.elf  >"Fan_Controller.lss"
Finished building: Fan_Controller.lss
 
Invoking: Print Size
avr-size --format=avr --mcu=atmega32 Fan_Controller.elf
AVR Memory Usage
----------------
Device: atmega32

Program:    9392 bytes (28.7% Full)
(.text + .data + .bootloader)

Data:        296 bytes (14.5% Full)
(.data + .bss + .noinit)


Finished building: sizedummy
 

13:49:03 Build Finished. 0 errors, 0 warnings. (took 1s.384ms)

